<?xml version="1.0" encoding="UTF-8"?>
<!-- Generated by org.testng.reporters.JUnitReportReporter -->
<testsuite hostname="DESKTOP-B9B99AU" failures="0" tests="2" name="testpkg.Berrytest" time="14.040" errors="0" timestamp="2024-05-27T00:39:11 GMT-07:00" skipped="0">
  <testcase classname="testpkg.Berrytest" name="accttest" time="0.540"/>
  <testcase classname="testpkg.Berrytest" name="Berrytest" time="13.500"/>
</testsuite> <!-- testpkg.Berrytest -->
