<?xml version="1.0" encoding="UTF-8"?>
<!-- Generated by org.testng.reporters.JUnitReportReporter -->
<testsuite hostname="DESKTOP-B9B99AU" failures="0" tests="5" name="testpkg.Ozytest" time="31.551" errors="0" timestamp="2024-05-31T01:28:24 GMT-07:00" skipped="0">
  <testcase classname="testpkg.Ozytest" name="accttest" time="1.186"/>
  <testcase classname="testpkg.Ozytest" name="Ozytest" time="10.673"/>
  <testcase classname="testpkg.Ozytest" name="newborntest" time="5.455"/>
  <testcase classname="testpkg.Ozytest" name="newbaby" time="8.773"/>
  <testcase classname="testpkg.Ozytest" name="quantityncontishop" time="5.464"/>
</testsuite> <!-- testpkg.Ozytest -->
